  main.cpp
D:\CPP_DEMO\ThreadPool\ThreadPool\ThreadPool.h(56,1): warning C4244: “+=”: 从“unsigned __int64”转换到“int”，可能丢失数据
D:\CPP_DEMO\ThreadPool\ThreadPool\StealTaskQueue.h(84,1): warning C4267: “初始化”: 从“size_t”转换到“int”，可能丢失数据
D:\CPP_DEMO\ThreadPool\ThreadPool\StealTaskQueue.h(81): message : 在编译 类 模板 成员函数“bool StealTaskQueue<OrdinaryTask>::adjust(std::unique_ptr<std::queue<std::unique_ptr<T,std::default_delete<T>>,std::deque<std::unique_ptr<T,std::default_delete<T>>,std::allocator<std::unique_ptr<T,std::default_delete<T>>>>>,std::default_delete<std::queue<std::unique_ptr<T,std::default_delete<T>>,std::deque<std::unique_ptr<T,std::default_delete<T>>,std::allocator<std::unique_ptr<T,std::default_delete<T>>>>>>> &)”时
          with
          [
              T=OrdinaryTask
          ]
D:\CPP_DEMO\ThreadPool\ThreadPool\StealTaskQueue.h(75): message : 查看对正在编译的函数 模板 实例化“bool StealTaskQueue<OrdinaryTask>::adjust(std::unique_ptr<std::queue<std::unique_ptr<T,std::default_delete<T>>,std::deque<std::unique_ptr<T,std::default_delete<T>>,std::allocator<std::unique_ptr<T,std::default_delete<T>>>>>,std::default_delete<std::queue<std::unique_ptr<T,std::default_delete<T>>,std::deque<std::unique_ptr<T,std::default_delete<T>>,std::allocator<std::unique_ptr<T,std::default_delete<T>>>>>>> &)”的引用
          with
          [
              T=OrdinaryTask
          ]
D:\CPP_DEMO\ThreadPool\ThreadPool\ThreadPrimary.h(113): message : 查看对正在编译的 类 模板 实例化“StealTaskQueue<OrdinaryTask>”的引用
  正在生成代码
  6 of 1001 functions ( 0.6%) were compiled, the rest were copied from previous compilation.
    0 functions were new in current compilation
    5 functions had inline decision re-evaluated but remain unchanged
  已完成代码的生成
  ThreadPool.vcxproj -> D:\CPP_DEMO\ThreadPool\x64\Release\ThreadPool.exe
